Determining if the CL_VERSION_2_0 exist failed with the following output:
Change Dir: /Users/kamil/Projects/RabbitCL/CMakeFiles/CMakeTmp

Run Build Command:"/usr/bin/make" "cmTC_37046/fast"
/Applications/Xcode.app/Contents/Developer/usr/bin/make -f CMakeFiles/cmTC_37046.dir/build.make CMakeFiles/cmTC_37046.dir/build
Building C object CMakeFiles/cmTC_37046.dir/CheckSymbolExists.c.o
/Applications/Xcode.app/Contents/Developer/Toolchains/XcodeDefault.xctoolchain/usr/bin/cc    -o CMakeFiles/cmTC_37046.dir/CheckSymbolExists.c.o   -c /Users/kamil/Projects/RabbitCL/CMakeFiles/CMakeTmp/CheckSymbolExists.c
/Users/kamil/Projects/RabbitCL/CMakeFiles/CMakeTmp/CheckSymbolExists.c:8:19: error: use of undeclared identifier 'CL_VERSION_2_0'
  return ((int*)(&CL_VERSION_2_0))[argc];
                  ^
1 error generated.
make[1]: *** [CMakeFiles/cmTC_37046.dir/CheckSymbolExists.c.o] Error 1
make: *** [cmTC_37046/fast] Error 2

File /Users/kamil/Projects/RabbitCL/CMakeFiles/CMakeTmp/CheckSymbolExists.c:
/* */
#include </System/Library/Frameworks/OpenCL.framework/Headers/cl.h>

int main(int argc, char** argv)
{
  (void)argv;
#ifndef CL_VERSION_2_0
  return ((int*)(&CL_VERSION_2_0))[argc];
#else
  (void)argc;
  return 0;
#endif
}

